Unity Editor version:    2020.3.18f1 (a7d1c678663c)
Branch:                  2020.3/staging
Build type:              Release
Batch mode:              YES
macOS version:           Version 11.3.1 (Build 20E241)
Darwin version:          20.4.0
Architecture:            x86_64
Running under Rosetta:   NO
Available memory:        16384 MB
Using pre-set license
Pro License: NO

COMMAND LINE ARGUMENTS:
/Applications/Unity/Hub/Editor/2020.3.18f1/Unity.app/Contents/MacOS/Unity
-adb2
-batchMode
-noUpm
-name
AssetImportWorker0
-projectPath
/Users/meeseonkang/Documents/Past-to-the-Future
-logFile
Logs/AssetImportWorker0.log
-srvPort
51696
Successfully changed project path to: /Users/meeseonkang/Documents/Past-to-the-Future
/Users/meeseonkang/Documents/Past-to-the-Future
Using Asset Import Pipeline V2.
Refreshing native plugins compatible for Editor in 75.92 ms, found 3 plugins.
Preloading 0 native plugins for Editor in 0.00 ms.
Initialize engine version: 2020.3.18f1 (a7d1c678663c)
[Subsystems] Discovering subsystems at path /Applications/Unity/Hub/Editor/2020.3.18f1/Unity.app/Contents/Resources/UnitySubsystems
[Subsystems] Discovering subsystems at path /Users/meeseonkang/Documents/Past-to-the-Future/Assets
GfxDevice: creating device client; threaded=0
2021-09-23 15:27:23.311 Unity[9276:326647] Color LCD preferred device: Intel(R) Iris(TM) Plus Graphics 640 (low power)
2021-09-23 15:27:23.311 Unity[9276:326647] Metal devices available: 1
2021-09-23 15:27:23.311 Unity[9276:326647] 0: Intel(R) Iris(TM) Plus Graphics 640 (low power)
2021-09-23 15:27:23.311 Unity[9276:326647] Using device Intel(R) Iris(TM) Plus Graphics 640 (low power)
Initializing Metal device caps: Intel(R) Iris(TM) Plus Graphics 640
Initialize mono
Mono path[0] = '/Applications/Unity/Hub/Editor/2020.3.18f1/Unity.app/Contents/Managed'
Mono path[1] = '/Applications/Unity/Hub/Editor/2020.3.18f1/Unity.app/Contents/MonoBleedingEdge/lib/mono/unityjit'
Mono config path = '/Applications/Unity/Hub/Editor/2020.3.18f1/Unity.app/Contents/MonoBleedingEdge/etc'
Using monoOptions --debugger-agent=transport=dt_socket,embedding=1,server=y,suspend=n,address=127.0.0.1:56276
Begin MonoManager ReloadAssembly
Registering precompiled unity dll's ...
Register platform support module: /Applications/Unity/Hub/Editor/2020.3.18f1/Unity.app/Contents/PlaybackEngines/MacStandaloneSupport/UnityEditor.OSXStandalone.Extensions.dll
Registered in 0.002960 seconds.
Native extension for OSXStandalone target not found
Refreshing native plugins compatible for Editor in 64.31 ms, found 3 plugins.
Preloading 0 native plugins for Editor in 0.00 ms.
Mono: successfully reloaded assembly
- Completed reload, in  3.328 seconds
Domain Reload Profiling:
	ReloadAssembly (3328ms)
		BeginReloadAssembly (104ms)
			ExecutionOrderSort (0ms)
			DisableScriptedObjects (0ms)
			BackupInstance (0ms)
			ReleaseScriptingObjects (0ms)
			CreateAndSetChildDomain (6ms)
		EndReloadAssembly (854ms)
			LoadAssemblies (97ms)
			RebuildTransferFunctionScriptingTraits (2ms)
			SetupTypeCache (395ms)
			ReleaseScriptCaches (0ms)
			RebuildScriptCaches (72ms)
			SetupLoadedEditorAssemblies (289ms)
				LogAssemblyErrors (0ms)
				InitializePlatformSupportModulesInManaged (6ms)
				SetLoadedEditorAssemblies (0ms)
				RefreshPlugins (64ms)
				BeforeProcessingInitializeOnLoad (13ms)
				ProcessInitializeOnLoadAttributes (154ms)
				ProcessInitializeOnLoadMethodAttributes (51ms)
				AfterProcessingInitializeOnLoad (0ms)
				EditorAssembliesLoaded (0ms)
			ExecutionOrderSort2 (0ms)
			AwakeInstancesAfterBackupRestoration (0ms)
Platform modules already initialized, skipping
Registering precompiled user dll's ...
Registered in 0.002764 seconds.
Begin MonoManager ReloadAssembly
Native extension for OSXStandalone target not found
Refreshing native plugins compatible for Editor in 72.29 ms, found 3 plugins.
Preloading 0 native plugins for Editor in 0.00 ms.
Mono: successfully reloaded assembly
- Completed reload, in  2.427 seconds
Domain Reload Profiling:
	ReloadAssembly (2428ms)
		BeginReloadAssembly (258ms)
			ExecutionOrderSort (0ms)
			DisableScriptedObjects (7ms)
			BackupInstance (0ms)
			ReleaseScriptingObjects (0ms)
			CreateAndSetChildDomain (49ms)
		EndReloadAssembly (2023ms)
			LoadAssemblies (139ms)
			RebuildTransferFunctionScriptingTraits (0ms)
			SetupTypeCache (750ms)
			ReleaseScriptCaches (2ms)
			RebuildScriptCaches (176ms)
			SetupLoadedEditorAssemblies (684ms)
				LogAssemblyErrors (0ms)
				InitializePlatformSupportModulesInManaged (7ms)
				SetLoadedEditorAssemblies (0ms)
				RefreshPlugins (72ms)
				BeforeProcessingInitializeOnLoad (111ms)
				ProcessInitializeOnLoadAttributes (474ms)
				ProcessInitializeOnLoadMethodAttributes (17ms)
				AfterProcessingInitializeOnLoad (2ms)
				EditorAssembliesLoaded (0ms)
			ExecutionOrderSort2 (0ms)
			AwakeInstancesAfterBackupRestoration (13ms)
Platform modules already initialized, skipping
Validating Project structure ... 0.019667 seconds.
Shader import version has changed; will reimport all shaders...
Upgrading shader files ...0.034872 seconds.
Application.AssetDatabase Initial Script Refresh Start
RefreshInfo: InitialScriptRefreshV2(NoUpdateAssetOptions) scanfilter:  ... 1 filters
RefreshProfiler: Total: 0.000ms
Application.AssetDatabase Initial Script Refresh End
Application.AssetDatabase.Refresh Start
Application.AssetDatabase.Refresh End
RefreshInfo: StopAssetImportingV2(ForceSynchronousImport) scanfilter: 
RefreshProfiler: Total: 0.000ms
Launching external process: /Applications/Unity/Hub/Editor/2020.3.18f1/Unity.app/Contents/Tools/UnityShaderCompiler
Launched and connected shader compiler UnityShaderCompiler after 0.02 seconds
Initializing Unity extensions:
[C# Project] Writing /Users/meeseonkang/Documents/Past-to-the-Future/Past-to-the-Future.sln because it has changed
[C# Project] First difference on line 4

[C# Project] Current /Users/meeseonkang/Documents/Past-to-the-Future/Past-to-the-Future.sln:
[C# Project]   004: Project("{FAE04EC0-301F-11D3-BF4B-00C04F79EFBC}") = "Assembly-CSharp", "Assembly-CSharp.csproj", "{B2835D77-0F7A-CED1-6A28-1C9F70EBBAAC}"
[C# Project]   005: EndProject
[C# Project]   006: Project("{FAE04EC0-301F-11D3-BF4B-00C04F79EFBC}") = "Assembly-CSharp-firstpass", "Assembly-CSharp-firstpass.csproj", "{5858289F-8916-2A58-1A96-826C39ABB856}"
[C# Project]   007: EndProject
[C# Project]   008: Global

[C# Project] New /Users/meeseonkang/Documents/Past-to-the-Future/Past-to-the-Future.sln:
[C# Project]   004: Project("{FAE04EC0-301F-11D3-BF4B-00C04F79EFBC}") = "UnityEngine.TestRunner", "UnityEngine.TestRunner.csproj", "{1703FF82-5A77-B5EE-18FE-FFBE7FAB6A88}"
[C# Project]   005: EndProject
[C# Project]   006: Project("{FAE04EC0-301F-11D3-BF4B-00C04F79EFBC}") = "Unity.Mathematics", "Unity.Mathematics.csproj", "{511E51A5-B6B1-753E-3DA7-B312CC02C778}"
[C# Project]   007: EndProject
[C# Project]   008: Project("{FAE04EC0-301F-11D3-BF4B-00C04F79EFBC}") = "Unity.2D.Animation.Triangle.Runtime", "Unity.2D.Animation.Triangle.Runtime.csproj", "{84B1C5EF-4BDB-B6CD-E41B-35371B0A0233}"
[C# Project] Writing /Users/meeseonkang/Documents/Past-to-the-Future/Assembly-CSharp.csproj because it has changed
[C# Project] First difference on line 641

[C# Project] Current /Users/meeseonkang/Documents/Past-to-the-Future/Assembly-CSharp.csproj:
[C# Project]   641:  <Reference Include="Unity.2D.Animation.Editor">
[C# Project]   642:  <HintPath>/Users/meeseonkang/Documents/Past-to-the-Future/Library/ScriptAssemblies/Unity.2D.Animation.Editor.dll</HintPath>
[C# Project]   643:  </Reference>
[C# Project]   644:  <Reference Include="Unity.InternalAPIEngineBridge.001">
[C# Project]   645:  <HintPath>/Users/meeseonkang/Documents/Past-to-the-Future/Library/ScriptAssemblies/Unity.InternalAPIEngineBridge.001.dll</HintPath>

[C# Project] New /Users/meeseonkang/Documents/Past-to-the-Future/Assembly-CSharp.csproj:
[C# Project]   641:   </ItemGroup>
[C# Project]   642:   <ItemGroup>
[C# Project]   643:     <ProjectReference Include="Assembly-CSharp-firstpass.csproj">
[C# Project]   644:       <Project>{5858289F-8916-2A58-1A96-826C39ABB856}</Project>
[C# Project]   645:       <Name>Assembly-CSharp-firstpass</Name>
[C# Project] Writing /Users/meeseonkang/Documents/Past-to-the-Future/Assembly-CSharp-firstpass.csproj because it has changed
[C# Project] First difference on line 628

[C# Project] Current /Users/meeseonkang/Documents/Past-to-the-Future/Assembly-CSharp-firstpass.csproj:
[C# Project]   628:  <Reference Include="Unity.2D.Animation.Editor">
[C# Project]   629:  <HintPath>/Users/meeseonkang/Documents/Past-to-the-Future/Library/ScriptAssemblies/Unity.2D.Animation.Editor.dll</HintPath>
[C# Project]   630:  </Reference>
[C# Project]   631:  <Reference Include="Unity.InternalAPIEngineBridge.001">
[C# Project]   632:  <HintPath>/Users/meeseonkang/Documents/Past-to-the-Future/Library/ScriptAssemblies/Unity.InternalAPIEngineBridge.001.dll</HintPath>

[C# Project] New /Users/meeseonkang/Documents/Past-to-the-Future/Assembly-CSharp-firstpass.csproj:
[C# Project]   628:   </ItemGroup>
[C# Project]   629:   <ItemGroup>
[C# Project]   630:     <ProjectReference Include="Unity.2D.Animation.Editor.csproj">
[C# Project]   631:       <Project>{CEEBBDA7-5949-F505-2D89-5B263EFC9D51}</Project>
[C# Project]   632:       <Name>Unity.2D.Animation.Editor</Name>
========================================================================
Worker process is ready to serve import requests
Refreshing native plugins compatible for Editor in 0.92 ms, found 3 plugins.
Preloading 0 native plugins for Editor in 0.00 ms.
Unloading 2131 Unused Serialized files (Serialized files now loaded: 0)
System memory in use before: 199.2 MB.
System memory in use after: 198.5 MB.

Unloading 156 unused Assets to reduce memory usage. Loaded Objects now: 2609.
Total: 7.132929 ms (FindLiveObjects: 0.418647 ms CreateObjectMapping: 0.151299 ms MarkObjects: 5.588945 ms  DeleteObjects: 0.972141 ms)

AssetImportParameters requested are different than current active one (requested -> active):
  custom:video-decoder-ogg-theora: a1e56fd34408186e4bbccfd4996cb3dc -> 
  custom:container-muxer-webm: aa71ff27fc2769a1b78a27578f13a17b -> 
  custom:container-demuxer-webm: 4f35f7cbe854078d1ac9338744f61a02 -> 
  custom:container-demuxer-ogg: 62fdf1f143b41e24485cea50d1cbac27 -> 
  custom:video-encoder-webm-vp8: eb34c28f22e8b96e1ab97ce403110664 -> 
  custom:framework-osx-AVFoundation: e770b220cccbd017edd2c1fefb359320 -> 
  custom:video-decoder-webm-vp8: 9c59270c3fd7afecdb556c50c9e8de78 -> 
  custom:audio-decoder-ogg-vorbis: bf7c407c2cedff20999df2af8eb42d56 -> 
  custom:audio-encoder-webm-vorbis: bf7c407c2cedff20999df2af8eb42d56 -> 
========================================================================
Received Prepare
Registering precompiled user dll's ...
Registered in 0.002844 seconds.
Begin MonoManager ReloadAssembly
Native extension for OSXStandalone target not found
Refreshing native plugins compatible for Editor in 0.48 ms, found 3 plugins.
Preloading 0 native plugins for Editor in 0.00 ms.
Mono: successfully reloaded assembly
- Completed reload, in  1.450 seconds
Domain Reload Profiling:
	ReloadAssembly (1450ms)
		BeginReloadAssembly (169ms)
			ExecutionOrderSort (0ms)
			DisableScriptedObjects (5ms)
			BackupInstance (0ms)
			ReleaseScriptingObjects (0ms)
			CreateAndSetChildDomain (90ms)
		EndReloadAssembly (1199ms)
			LoadAssemblies (99ms)
			RebuildTransferFunctionScriptingTraits (0ms)
			SetupTypeCache (444ms)
			ReleaseScriptCaches (1ms)
			RebuildScriptCaches (69ms)
			SetupLoadedEditorAssemblies (425ms)
				LogAssemblyErrors (0ms)
				InitializePlatformSupportModulesInManaged (5ms)
				SetLoadedEditorAssemblies (1ms)
				RefreshPlugins (1ms)
				BeforeProcessingInitializeOnLoad (115ms)
				ProcessInitializeOnLoadAttributes (297ms)
				ProcessInitializeOnLoadMethodAttributes (5ms)
				AfterProcessingInitializeOnLoad (2ms)
				EditorAssembliesLoaded (0ms)
			ExecutionOrderSort2 (0ms)
			AwakeInstancesAfterBackupRestoration (19ms)
Platform modules already initialized, skipping
Refreshing native plugins compatible for Editor in 0.82 ms, found 3 plugins.
Preloading 0 native plugins for Editor in 0.00 ms.
Unloading 2118 Unused Serialized files (Serialized files now loaded: 0)
System memory in use before: 195.1 MB.
System memory in use after: 195.3 MB.

Unloading 18 unused Assets to reduce memory usage. Loaded Objects now: 2613.
Total: 3.146728 ms (FindLiveObjects: 0.206497 ms CreateObjectMapping: 0.098002 ms MarkObjects: 2.823547 ms  DeleteObjects: 0.017875 ms)

AssetImportParameters requested are different than current active one (requested -> active):
  custom:video-decoder-ogg-theora: a1e56fd34408186e4bbccfd4996cb3dc -> 
  custom:container-muxer-webm: aa71ff27fc2769a1b78a27578f13a17b -> 
  custom:container-demuxer-webm: 4f35f7cbe854078d1ac9338744f61a02 -> 
  custom:container-demuxer-ogg: 62fdf1f143b41e24485cea50d1cbac27 -> 
  custom:video-encoder-webm-vp8: eb34c28f22e8b96e1ab97ce403110664 -> 
  custom:framework-osx-AVFoundation: e770b220cccbd017edd2c1fefb359320 -> 
  custom:video-decoder-webm-vp8: 9c59270c3fd7afecdb556c50c9e8de78 -> 
  custom:audio-decoder-ogg-vorbis: bf7c407c2cedff20999df2af8eb42d56 -> 
  custom:audio-encoder-webm-vorbis: bf7c407c2cedff20999df2af8eb42d56 -> 
========================================================================
Received Import Request.
  path: Assets/Scripts/GameManager.cs
  artifactKey: Guid(903d3b5b8efd9e348958875b11495035) Importer(815301076,1909f56bfc062723c751e8b465ee728b)
Start importing Assets/Scripts/GameManager.cs using Guid(903d3b5b8efd9e348958875b11495035) Importer(815301076,1909f56bfc062723c751e8b465ee728b)  -> (artifact id: '99fc95b8167f6b550889068ff2521ddc') in 0.579733 seconds 
  Import took 0.585755 seconds .

========================================================================
Received Import Request.
  Time since last request: 0.008220 seconds.
  path: Assets/Scripts/SceneChangeManager.cs
  artifactKey: Guid(a3fc4f0f243ec5645a7a977e53ea0c6c) Importer(815301076,1909f56bfc062723c751e8b465ee728b)
Start importing Assets/Scripts/SceneChangeManager.cs using Guid(a3fc4f0f243ec5645a7a977e53ea0c6c) Importer(815301076,1909f56bfc062723c751e8b465ee728b)  -> (artifact id: '2d17c2c0da17acc87b6c5eae4aa6acfb') in 0.006859 seconds 
  Import took 0.013307 seconds .

========================================================================
Received Import Request.
  Time since last request: 59.792655 seconds.
  path: Assets/Scripts/SceneChangeManager.cs
  artifactKey: Guid(a3fc4f0f243ec5645a7a977e53ea0c6c) Importer(815301076,1909f56bfc062723c751e8b465ee728b)
Start importing Assets/Scripts/SceneChangeManager.cs using Guid(a3fc4f0f243ec5645a7a977e53ea0c6c) Importer(815301076,1909f56bfc062723c751e8b465ee728b)  -> (artifact id: '48a89d597f1c839fb0ffb3916eceb24e') in 0.004738 seconds 
  Import took 0.009563 seconds .

========================================================================
Received Import Request.
  Time since last request: 0.027128 seconds.
  path: Assets/Scripts/SceneChangeManager.cs
  artifactKey: Guid(a3fc4f0f243ec5645a7a977e53ea0c6c) Importer(815301076,1909f56bfc062723c751e8b465ee728b)
Start importing Assets/Scripts/SceneChangeManager.cs using Guid(a3fc4f0f243ec5645a7a977e53ea0c6c) Importer(815301076,1909f56bfc062723c751e8b465ee728b)  -> (artifact id: '48a89d597f1c839fb0ffb3916eceb24e') in 0.005577 seconds 
  Import took 0.011263 seconds .

========================================================================
Received Import Request.
  Time since last request: 30.094248 seconds.
  path: Assets/Scripts/Mob/GhostKnight.cs
  artifactKey: Guid(56f1b08ba19748a4bb58f93131e0391b) Importer(815301076,1909f56bfc062723c751e8b465ee728b)
Start importing Assets/Scripts/Mob/GhostKnight.cs using Guid(56f1b08ba19748a4bb58f93131e0391b) Importer(815301076,1909f56bfc062723c751e8b465ee728b)  -> (artifact id: '8c763fbb88210c1837760839f72b1e1a') in 0.007742 seconds 
  Import took 0.015199 seconds .

========================================================================
Received Import Request.
  Time since last request: 98.418227 seconds.
  path: Assets/Scripts/BGMManager.cs
  artifactKey: Guid(cf2d2de0cfb084d0c9b6075101bcccbd) Importer(815301076,1909f56bfc062723c751e8b465ee728b)
Start importing Assets/Scripts/BGMManager.cs using Guid(cf2d2de0cfb084d0c9b6075101bcccbd) Importer(815301076,1909f56bfc062723c751e8b465ee728b)  -> (artifact id: 'c1dfe1e0ca20ac8b68d0199fdcf49ed0') in 0.003812 seconds 
  Import took 0.008060 seconds .

========================================================================
Received Import Request.
  Time since last request: 0.011966 seconds.
  path: Assets/Scripts/BGMManager.cs
  artifactKey: Guid(cf2d2de0cfb084d0c9b6075101bcccbd) Importer(815301076,1909f56bfc062723c751e8b465ee728b)
Start importing Assets/Scripts/BGMManager.cs using Guid(cf2d2de0cfb084d0c9b6075101bcccbd) Importer(815301076,1909f56bfc062723c751e8b465ee728b)  -> (artifact id: 'c1dfe1e0ca20ac8b68d0199fdcf49ed0') in 0.009106 seconds 
  Import took 0.017410 seconds .

========================================================================
Received Import Request.
  Time since last request: 54.262175 seconds.
  path: Assets/Scripts/BGMManager.cs
  artifactKey: Guid(cf2d2de0cfb084d0c9b6075101bcccbd) Importer(815301076,1909f56bfc062723c751e8b465ee728b)
Start importing Assets/Scripts/BGMManager.cs using Guid(cf2d2de0cfb084d0c9b6075101bcccbd) Importer(815301076,1909f56bfc062723c751e8b465ee728b)  -> (artifact id: '5b3eb0a6e83ac6e87c8b983ef1885e25') in 0.006329 seconds 
  Import took 0.011156 seconds .

