
=== Thu Jul 29 17:59:41 2021

Packages were changed.
Update Mode: updateDependencies

The following packages were updated:
  com.unity.collab-proxy from version 1.3.9 to 1.5.7
  com.unity.ide.visualstudio from version 2.0.7 to 2.0.8
  com.unity.test-framework from version 1.1.22 to 1.1.24
  com.unity.textmeshpro from version 3.0.1 to 3.0.6
  com.unity.timeline from version 1.4.6 to 1.4.8

=== Mon Aug  2 18:12:34 2021

Packages were changed.
Update Mode: updateDependencies

The following packages were updated:
  com.unity.2d.psdimporter from version 4.0.2 to 4.1.0
  com.unity.collab-proxy from version 1.5.7 to 1.7.1
  com.unity.ide.visualstudio from version 2.0.8 to 2.0.9
  com.unity.test-framework from version 1.1.24 to 1.1.27

=== Thu Aug 19 14:45:08 2021

Packages were changed.
Update Mode: updateDependencies

The following packages were updated:
  com.unity.ide.visualstudio from version 2.0.9 to 2.0.11

=== Thu Sep 23 11:52:32 2021

Packages were changed.
Update Mode: updateDependencies

The following packages were updated:
  com.unity.collab-proxy from version 1.7.1 to 1.9.0
  com.unity.test-framework from version 1.1.27 to 1.1.29
